Last login: Wed Mar 25 17:01:21 on ttys006
pavan.pullela@Pavans-Macbook-Pro aws % ssh -i "MyDev-Secret.pem" ubuntu@ec2-16-171-200-163.eu-north-1.compute.amazonaws.com
Welcome to Ubuntu 24.04.4 LTS (GNU/Linux 6.17.0-1007-aws x86_64)

 * Documentation:  https://help.ubuntu.com
 * Management:     https://landscape.canonical.com
 * Support:        https://ubuntu.com/pro

 System information as of Wed Mar 25 11:33:07 UTC 2026

  System load:  0.25              Temperature:           -273.1 C
  Usage of /:   27.0% of 6.71GB   Processes:             115
  Memory usage: 25%               Users logged in:       0
  Swap usage:   0%                IPv4 address for ens5: 172.31.40.32


Expanded Security Maintenance for Applications is not enabled.

0 updates can be applied immediately.

Enable ESM Apps to receive additional future security updates.
See https://ubuntu.com/esm or run: sudo pro status


The list of available updates is more than a week old.
To check for new updates run: sudo apt update

Last login: Wed Mar 25 11:31:26 2026 from 103.170.226.106
To run a command as administrator (user "root"), use "sudo <command>".
See "man sudo_root" for details.

ubuntu@ip-172-31-40-32:~$ nvm i 20.20.1
Downloading and installing node v20.20.1...
Downloading https://nodejs.org/dist/v20.20.1/node-v20.20.1-linux-x64.tar.xz...
######################################################################### 100.0%
Computing checksum with sha256sum
Checksums matched!
Now using node v20.20.1 (npm v10.8.2)
Creating default alias: default -> 20.20.1 (-> v20.20.1 *)
ubuntu@ip-172-31-40-32:~$ git clone https://github.com/seetharampullela/mockDevTinder.git
Cloning into 'mockDevTinder'...
remote: Enumerating objects: 174, done.
remote: Counting objects: 100% (174/174), done.
remote: Compressing objects: 100% (100/100), done.
remote: Total 174 (delta 83), reused 146 (delta 55), pack-reused 0 (from 0)
Receiving objects: 100% (174/174), 42.98 KiB | 8.60 MiB/s, done.
Resolving deltas: 100% (83/83), done.
ubuntu@ip-172-31-40-32:~$ git clone https://github.com/seetharampullela/mockDevTinder-web.git
Cloning into 'mockDevTinder-web'...
remote: Enumerating objects: 96, done.
remote: Counting objects: 100% (96/96), done.
remote: Compressing objects: 100% (71/71), done.
remote: Total 96 (delta 45), reused 75 (delta 24), pack-reused 0 (from 0)
Receiving objects: 100% (96/96), 100.27 KiB | 7.16 MiB/s, done.
Resolving deltas: 100% (45/45), done.
ubuntu@ip-172-31-40-32:~$ ls
mockDevTinder  mockDevTinder-web
ubuntu@ip-172-31-40-32:~$ cd mockDevTinder-web/
ubuntu@ip-172-31-40-32:~/mockDevTinder-web$ npm run build

> mockdevtinder-web@0.0.0 build
> vite build

sh: 1: vite: not found
ubuntu@ip-172-31-40-32:~/mockDevTinder-web$ npm i

added 208 packages, and audited 209 packages in 6s

47 packages are looking for funding
  run `npm fund` for details

found 0 vulnerabilities
ubuntu@ip-172-31-40-32:~/mockDevTinder-web$ npm run build

> mockdevtinder-web@0.0.0 build
> vite build

vite v8.0.1 building client environment for production...
transforming (41) node_modules/immer/dist/immer.mjs/*! 🌼 daisyUI 5.5.19 */
✓ 99 modules transformed.
computing gzip size...
dist/index.html                   0.46 kB │ gzip:  0.30 kB
dist/assets/index-CPcQVdP8.css   90.34 kB │ gzip: 16.31 kB
dist/assets/index-CrfjkmZ3.js   305.25 kB │ gzip: 99.75 kB

✓ built in 934ms
ubuntu@ip-172-31-40-32:~/mockDevTinder-web$ ls
README.md  eslint.config.js  node_modules  package-lock.json  public  vite.config.js
dist       index.html        note.md       package.json       src
ubuntu@ip-172-31-40-32:~/mockDevTinder-web$ code .
Command 'code' not found, did you mean:
  command 'node' from deb nodejs (18.13.0+dfsg1-1ubuntu2)
  command 'cdde' from deb cdde (0.3.1-1.1)
  command 'tcode' from deb emboss (6.6.0+dfsg-12ubuntu1)
  command 'ode' from deb plotutils (2.6-14)
  command 'cde' from deb cde (0.1+git9-g551e54d-1.2)
Try: sudo apt install <deb name>
ubuntu@ip-172-31-40-32:~/mockDevTinder-web$ sudo app update
sudo: app: command not found
ubuntu@ip-172-31-40-32:~/mockDevTinder-web$ sudo apt update
Hit:1 http://eu-north-1.ec2.archive.ubuntu.com/ubuntu noble InRelease
Get:2 http://eu-north-1.ec2.archive.ubuntu.com/ubuntu noble-updates InRelease [126 kB]
Get:3 http://eu-north-1.ec2.archive.ubuntu.com/ubuntu noble-backports InRelease [126 kB]
Get:4 http://eu-north-1.ec2.archive.ubuntu.com/ubuntu noble/universe amd64 Packages [15.0 MB]
Get:5 http://security.ubuntu.com/ubuntu noble-security InRelease [126 kB]
Get:6 http://eu-north-1.ec2.archive.ubuntu.com/ubuntu noble/universe Translation-en [5982 kB]
Get:7 http://eu-north-1.ec2.archive.ubuntu.com/ubuntu noble/universe amd64 Components [3871 kB]
Get:8 http://eu-north-1.ec2.archive.ubuntu.com/ubuntu noble/universe amd64 c-n-f Metadata [301 kB]
Get:9 http://eu-north-1.ec2.archive.ubuntu.com/ubuntu noble/multiverse amd64 Packages [269 kB]
Get:10 http://eu-north-1.ec2.archive.ubuntu.com/ubuntu noble/multiverse Translation-en [118 kB]
Get:11 http://eu-north-1.ec2.archive.ubuntu.com/ubuntu noble/multiverse amd64 Components [35.0 kB]
Get:12 http://eu-north-1.ec2.archive.ubuntu.com/ubuntu noble/multiverse amd64 c-n-f Metadata [8328 B]
Get:13 http://eu-north-1.ec2.archive.ubuntu.com/ubuntu noble-updates/main amd64 Packages [1847 kB]
Get:14 http://eu-north-1.ec2.archive.ubuntu.com/ubuntu noble-updates/main Translation-en [339 kB]
Get:15 http://eu-north-1.ec2.archive.ubuntu.com/ubuntu noble-updates/main amd64 Components [177 kB]
Get:16 http://eu-north-1.ec2.archive.ubuntu.com/ubuntu noble-updates/main amd64 c-n-f Metadata [16.9 kB]
Get:17 http://eu-north-1.ec2.archive.ubuntu.com/ubuntu noble-updates/universe amd64 Packages [1619 kB]
Get:18 http://security.ubuntu.com/ubuntu noble-security/main amd64 Packages [1546 kB]
Get:19 http://eu-north-1.ec2.archive.ubuntu.com/ubuntu noble-updates/universe Translation-en [322 kB]
Get:20 http://eu-north-1.ec2.archive.ubuntu.com/ubuntu noble-updates/universe amd64 Components [386 kB]
Get:21 http://eu-north-1.ec2.archive.ubuntu.com/ubuntu noble-updates/universe amd64 c-n-f Metadata [33.0 kB]
Get:22 http://eu-north-1.ec2.archive.ubuntu.com/ubuntu noble-updates/restricted amd64 Packages [2837 kB]
Get:23 http://eu-north-1.ec2.archive.ubuntu.com/ubuntu noble-updates/restricted Translation-en [656 kB]
Get:24 http://eu-north-1.ec2.archive.ubuntu.com/ubuntu noble-updates/restricted amd64 Components [212 B]
Get:25 http://eu-north-1.ec2.archive.ubuntu.com/ubuntu noble-updates/multiverse amd64 Packages [32.2 kB]
Get:26 http://eu-north-1.ec2.archive.ubuntu.com/ubuntu noble-updates/multiverse Translation-en [7520 B]
Get:27 http://eu-north-1.ec2.archive.ubuntu.com/ubuntu noble-updates/multiverse amd64 Components [940 B]
Get:28 http://eu-north-1.ec2.archive.ubuntu.com/ubuntu noble-updates/multiverse amd64 c-n-f Metadata [500 B]
Get:29 http://eu-north-1.ec2.archive.ubuntu.com/ubuntu noble-backports/main amd64 Packages [40.4 kB]
Get:30 http://eu-north-1.ec2.archive.ubuntu.com/ubuntu noble-backports/main Translation-en [9208 B]
Get:31 http://eu-north-1.ec2.archive.ubuntu.com/ubuntu noble-backports/main amd64 Components [7340 B]
Get:32 http://eu-north-1.ec2.archive.ubuntu.com/ubuntu noble-backports/main amd64 c-n-f Metadata [368 B]
Get:33 http://eu-north-1.ec2.archive.ubuntu.com/ubuntu noble-backports/universe amd64 Packages [30.7 kB]
Get:34 http://eu-north-1.ec2.archive.ubuntu.com/ubuntu noble-backports/universe Translation-en [18.2 kB]
Get:35 http://eu-north-1.ec2.archive.ubuntu.com/ubuntu noble-backports/universe amd64 Components [13.2 kB]
Get:36 http://eu-north-1.ec2.archive.ubuntu.com/ubuntu noble-backports/universe amd64 c-n-f Metadata [1480 B]
Get:37 http://eu-north-1.ec2.archive.ubuntu.com/ubuntu noble-backports/restricted amd64 Components [216 B]
Get:38 http://eu-north-1.ec2.archive.ubuntu.com/ubuntu noble-backports/restricted amd64 c-n-f Metadata [116 B]
Get:39 http://eu-north-1.ec2.archive.ubuntu.com/ubuntu noble-backports/multiverse amd64 Packages [780 B]
Get:40 http://eu-north-1.ec2.archive.ubuntu.com/ubuntu noble-backports/multiverse Translation-en [372 B]
Get:41 http://eu-north-1.ec2.archive.ubuntu.com/ubuntu noble-backports/multiverse amd64 Components [212 B]
Get:42 http://eu-north-1.ec2.archive.ubuntu.com/ubuntu noble-backports/multiverse amd64 c-n-f Metadata [116 B]
Get:43 http://security.ubuntu.com/ubuntu noble-security/main Translation-en [249 kB]
Get:44 http://security.ubuntu.com/ubuntu noble-security/main amd64 Components [21.5 kB]
Get:45 http://security.ubuntu.com/ubuntu noble-security/main amd64 c-n-f Metadata [10.7 kB]
Get:46 http://security.ubuntu.com/ubuntu noble-security/universe amd64 Packages [1166 kB]
Get:47 http://security.ubuntu.com/ubuntu noble-security/universe Translation-en [225 kB]
Get:48 http://security.ubuntu.com/ubuntu noble-security/universe amd64 Components [74.2 kB]
Get:49 http://security.ubuntu.com/ubuntu noble-security/universe amd64 c-n-f Metadata [20.8 kB]
Get:50 http://security.ubuntu.com/ubuntu noble-security/restricted amd64 Packages [2689 kB]
Get:51 http://security.ubuntu.com/ubuntu noble-security/restricted Translation-en [625 kB]
Get:52 http://security.ubuntu.com/ubuntu noble-security/restricted amd64 Components [212 B]
Get:53 http://security.ubuntu.com/ubuntu noble-security/multiverse amd64 Packages [28.8 kB]
Get:54 http://security.ubuntu.com/ubuntu noble-security/multiverse Translation-en [6980 B]
Get:55 http://security.ubuntu.com/ubuntu noble-security/multiverse amd64 Components [208 B]
Get:56 http://security.ubuntu.com/ubuntu noble-security/multiverse amd64 c-n-f Metadata [396 B]
Fetched 41.1 MB in 7s (5962 kB/s)                                                                                               
Reading package lists... Done
Building dependency tree... Done
Reading state information... Done
23 packages can be upgraded. Run 'apt list --upgradable' to see them.
ubuntu@ip-172-31-40-32:~/mockDevTinder-web$ sudo apt install nginx
Reading package lists... Done
Building dependency tree... Done
Reading state information... Done
The following additional packages will be installed:
  nginx-common
Suggested packages:
  fcgiwrap nginx-doc ssl-cert
The following NEW packages will be installed:
  nginx nginx-common
0 upgraded, 2 newly installed, 0 to remove and 23 not upgraded.
Need to get 565 kB of archives.
After this operation, 1596 kB of additional disk space will be used.
Do you want to continue? [Y/n] y
Get:1 http://eu-north-1.ec2.archive.ubuntu.com/ubuntu noble-updates/main amd64 nginx-common all 1.24.0-2ubuntu7.6 [43.5 kB]
Get:2 http://eu-north-1.ec2.archive.ubuntu.com/ubuntu noble-updates/main amd64 nginx amd64 1.24.0-2ubuntu7.6 [521 kB]
Fetched 565 kB in 0s (17.6 MB/s)
Preconfiguring packages ...
Selecting previously unselected package nginx-common.
(Reading database ... 72566 files and directories currently installed.)
Preparing to unpack .../nginx-common_1.24.0-2ubuntu7.6_all.deb ...
Unpacking nginx-common (1.24.0-2ubuntu7.6) ...
Selecting previously unselected package nginx.
Preparing to unpack .../nginx_1.24.0-2ubuntu7.6_amd64.deb ...
Unpacking nginx (1.24.0-2ubuntu7.6) ...
Setting up nginx-common (1.24.0-2ubuntu7.6) ...
Created symlink /etc/systemd/system/multi-user.target.wants/nginx.service → /usr/lib/systemd/system/nginx.service.
Setting up nginx (1.24.0-2ubuntu7.6) ...
 * Upgrading binary nginx                                                                                                         [ OK ] 
Processing triggers for man-db (2.12.0-4build2) ...
Processing triggers for ufw (0.36.2-6) ...
Scanning processes...                                                                                                                    
Scanning linux images...                                                                                                                 

Running kernel seems to be up-to-date.

No services need to be restarted.

No containers need to be restarted.

No user sessions are running outdated binaries.

No VM guests are running outdated hypervisor (qemu) binaries on this host.
ubuntu@ip-172-31-40-32:~/mockDevTinder-web$ sudo systemctl start nginx
ubuntu@ip-172-31-40-32:~/mockDevTinder-web$ sudo systemctl enable nginx
Synchronizing state of nginx.service with SysV service script with /usr/lib/systemd/systemd-sysv-install.
Executing: /usr/lib/systemd/systemd-sysv-install enable nginx
ubuntu@ip-172-31-40-32:~/mockDevTinder-web$ scp -r dist/\* /var/www/html/
cp: cannot stat 'dist/*': No such file or directory
ubuntu@ip-172-31-40-32:~/mockDevTinder-web$ scp -r /dist/* /var/www/html/
cp: cannot stat '/dist/*': No such file or directory
ubuntu@ip-172-31-40-32:~/mockDevTinder-web$ scp -r dist/* /var/www/html/
cp: cannot create directory '/var/www/html/assets': Permission denied
cp: cannot create regular file '/var/www/html/favicon.svg': Permission denied
cp: cannot create regular file '/var/www/html/icons.svg': Permission denied
cp: cannot create regular file '/var/www/html/index.html': Permission denied
ubuntu@ip-172-31-40-32:~/mockDevTinder-web$ sudo scp -r dist/* /var/www/html/
ubuntu@ip-172-31-40-32:~/mockDevTinder-web$ ls
README.md  dist  eslint.config.js  index.html  node_modules  note.md  package-lock.json  package.json  public  src  vite.config.js
ubuntu@ip-172-31-40-32:~/mockDevTinder-web$ cd var/www/html
-bash: cd: var/www/html: No such file or directory
ubuntu@ip-172-31-40-32:~/mockDevTinder-web$ cd ..
ubuntu@ip-172-31-40-32:~$ cd /var/www/html
ubuntu@ip-172-31-40-32:/var/www/html$ ls
assets  favicon.svg  icons.svg  index.html  index.nginx-debian.html
ubuntu@ip-172-31-40-32:/var/www/html$ cd ..
ubuntu@ip-172-31-40-32:/var/www$ cd mockDevTinder-web
-bash: cd: mockDevTinder-web: No such file or directory
ubuntu@ip-172-31-40-32:/var/www$ ls
html
ubuntu@ip-172-31-40-32:/var/www$ cd ..
ubuntu@ip-172-31-40-32:/var$ cd ..
ubuntu@ip-172-31-40-32:/$ ls
bin                boot  etc   lib                lib64       media  opt   root  sbin                snap  sys  usr
bin.usr-is-merged  dev   home  lib.usr-is-merged  lost+found  mnt    proc  run   sbin.usr-is-merged  srv   tmp  var
ubuntu@ip-172-31-40-32:/$ cd mockDevTinder-web
-bash: cd: mockDevTinder-web: No such file or directory
ubuntu@ip-172-31-40-32:/$ ls
bin                boot  etc   lib                lib64       media  opt   root  sbin                snap  sys  usr
bin.usr-is-merged  dev   home  lib.usr-is-merged  lost+found  mnt    proc  run   sbin.usr-is-merged  srv   tmp  var
ubuntu@ip-172-31-40-32:/$ cd ..
ubuntu@ip-172-31-40-32:/$ ls
bin                boot  etc   lib                lib64       media  opt   root  sbin                snap  sys  usr
bin.usr-is-merged  dev   home  lib.usr-is-merged  lost+found  mnt    proc  run   sbin.usr-is-merged  srv   tmp  var
ubuntu@ip-172-31-40-32:/$ 
